<?xml version="1.0" encoding="UTF-8"?>
<!-- Generated by org.testng.reporters.JUnitXMLReporter -->
<testsuite hostname="PC" ignored="0" name="chromeTest" tests="4" failures="0" timestamp="2020-12-31T12:58:15 IST" time="9.798" errors="0">
  <testcase name="@BeforeMethod beforeTest" time="4.666" classname="maven.lockownmavenproject22.FTC_03">
    <failure type="java.lang.NullPointerException" message="null value in entry: url=null">
      <![CDATA[java.lang.NullPointerException: null value in entry: url=null
at com.google.common.collect.CollectPreconditions.checkEntryNotNull(CollectPreconditions.java:32)
at com.google.common.collect.SingletonImmutableBiMap.<init>(SingletonImmutableBiMap.java:42)
at com.google.common.collect.ImmutableBiMap.of(ImmutableBiMap.java:70)
at com.google.common.collect.ImmutableMap.of(ImmutableMap.java:123)
at org.openqa.selenium.remote.RemoteWebDriver.get(RemoteWebDriver.java:273)
at org.openqa.selenium.remote.RemoteWebDriver$RemoteNavigation.to(RemoteWebDriver.java:856)
at maven.lockownmavenproject22.BaseTest.LounchUrl(BaseTest.java:106)
at maven.lockownmavenproject22.FTC_03.beforeTest(FTC_03.java:31)
at java.util.ArrayList.forEach(ArrayList.java:1257)
at java.util.concurrent.FutureTask.run(FutureTask.java:266)
at java.util.concurrent.ThreadPoolExecutor.runWorker(ThreadPoolExecutor.java:1149)
at java.util.concurrent.ThreadPoolExecutor$Worker.run(ThreadPoolExecutor.java:624)
at java.lang.Thread.run(Thread.java:748)
... Removed 22 stack frames]]>
    </failure>
  </testcase> <!-- @BeforeMethod beforeTest -->
  <testcase name="@AfterMethod afterTest" time="-1.609399690326E9" classname="maven.lockownmavenproject22.FTC_03">
    <skipped/>
  </testcase> <!-- @AfterMethod afterTest -->
  <testcase name="@BeforeMethod beforeMethod" time="1.445" classname="maven.lockownmavenproject22.RadioButton1">
    <failure type="org.openqa.selenium.InvalidArgumentException" message="invalid argument: user data directory is already in use, please specify a unique value for --user-data-dir argument, or don&amp;apos;t use --user-data-dir
Build info: version: &amp;apos;3.11.0&amp;apos;, revision: &amp;apos;e59cfb3&amp;apos;, time: &amp;apos;2018-03-11T20:26:55.152Z&amp;apos;
System info: host: &amp;apos;PC&amp;apos;, ip: &amp;apos;192.168.1.2&amp;apos;, os.name: &amp;apos;Windows 8.1&amp;apos;, os.arch: &amp;apos;amd64&amp;apos;, os.version: &amp;apos;6.3&amp;apos;, java.version: &amp;apos;1.8.0_241&amp;apos;
Driver info: driver.version: ChromeDriver
remote stacktrace: Backtrace:
	Ordinal0 [0x0066C013+3194899]
	Ordinal0 [0x00556021+2056225]
	Ordinal0 [0x003EF608+587272]
	Ordinal0 [0x0036F28A+62090]
	Ordinal0 [0x0036C64A+50762]
	Ordinal0 [0x00391EE9+204521]
	Ordinal0 [0x00391D0D+204045]
	Ordinal0 [0x0038FC1B+195611]
	Ordinal0 [0x00373B7F+80767]
	Ordinal0 [0x00374B4E+84814]
	Ordinal0 [0x00374AD9+84697]
	Ordinal0 [0x0056CE64+2149988]
	GetHandleVerifier [0x007DBE95+1400773]
	GetHandleVerifier [0x007DBB61+1399953]
	GetHandleVerifier [0x007E31FA+1430314]
	GetHandleVerifier [0x007DC69F+1402831]
	Ordinal0 [0x00563D61+2112865]
	Ordinal0 [0x0056E5CB+2155979]
	Ordinal0 [0x0056E6F5+2156277]
	Ordinal0 [0x0057F26E+2224750]
	BaseThreadInitThunk [0x75D86A14+36]
	RtlInitializeExceptionChain [0x77EBAB4F+143]
	RtlInitializeExceptionChain [0x77EBAB1A+90]
">
      <![CDATA[org.openqa.selenium.InvalidArgumentException: invalid argument: user data directory is already in use, please specify a unique value for --user-data-dir argument, or don't use --user-data-dir
Build info: version: '3.11.0', revision: 'e59cfb3', time: '2018-03-11T20:26:55.152Z'
System info: host: 'PC', ip: '192.168.1.2', os.name: 'Windows 8.1', os.arch: 'amd64', os.version: '6.3', java.version: '1.8.0_241'
Driver info: driver.version: ChromeDriver
remote stacktrace: Backtrace:
Ordinal0 [0x0066C013+3194899]
Ordinal0 [0x00556021+2056225]
Ordinal0 [0x003EF608+587272]
Ordinal0 [0x0036F28A+62090]
Ordinal0 [0x0036C64A+50762]
Ordinal0 [0x00391EE9+204521]
Ordinal0 [0x00391D0D+204045]
Ordinal0 [0x0038FC1B+195611]
Ordinal0 [0x00373B7F+80767]
Ordinal0 [0x00374B4E+84814]
Ordinal0 [0x00374AD9+84697]
Ordinal0 [0x0056CE64+2149988]
GetHandleVerifier [0x007DBE95+1400773]
GetHandleVerifier [0x007DBB61+1399953]
GetHandleVerifier [0x007E31FA+1430314]
GetHandleVerifier [0x007DC69F+1402831]
Ordinal0 [0x00563D61+2112865]
Ordinal0 [0x0056E5CB+2155979]
Ordinal0 [0x0056E6F5+2156277]
Ordinal0 [0x0057F26E+2224750]
BaseThreadInitThunk [0x75D86A14+36]
RtlInitializeExceptionChain [0x77EBAB4F+143]
RtlInitializeExceptionChain [0x77EBAB1A+90]

at org.openqa.selenium.remote.W3CHandshakeResponse.lambda$new$0(W3CHandshakeResponse.java:57)
at org.openqa.selenium.remote.W3CHandshakeResponse.lambda$getResponseFunction$2(W3CHandshakeResponse.java:104)
at org.openqa.selenium.remote.ProtocolHandshake.lambda$createSession$0(ProtocolHandshake.java:123)
at java.util.stream.ReferencePipeline$3$1.accept(ReferencePipeline.java:193)
at java.util.Spliterators$ArraySpliterator.tryAdvance(Spliterators.java:958)
at java.util.stream.ReferencePipeline.forEachWithCancel(ReferencePipeline.java:126)
at java.util.stream.AbstractPipeline.copyIntoWithCancel(AbstractPipeline.java:499)
at java.util.stream.AbstractPipeline.copyInto(AbstractPipeline.java:486)
at java.util.stream.AbstractPipeline.wrapAndCopyInto(AbstractPipeline.java:472)
at java.util.stream.FindOps$FindOp.evaluateSequential(FindOps.java:152)
at java.util.stream.AbstractPipeline.evaluate(AbstractPipeline.java:234)
at java.util.stream.ReferencePipeline.findFirst(ReferencePipeline.java:464)
at org.openqa.selenium.remote.ProtocolHandshake.createSession(ProtocolHandshake.java:126)
at org.openqa.selenium.remote.ProtocolHandshake.createSession(ProtocolHandshake.java:73)
at org.openqa.selenium.remote.HttpCommandExecutor.execute(HttpCommandExecutor.java:136)
at org.openqa.selenium.remote.service.DriverCommandExecutor.execute(DriverCommandExecutor.java:83)
at org.openqa.selenium.remote.RemoteWebDriver.execute(RemoteWebDriver.java:545)
at org.openqa.selenium.remote.RemoteWebDriver.startSession(RemoteWebDriver.java:209)
at org.openqa.selenium.remote.RemoteWebDriver.<init>(RemoteWebDriver.java:132)
at org.openqa.selenium.chrome.ChromeDriver.<init>(ChromeDriver.java:181)
at org.openqa.selenium.chrome.ChromeDriver.<init>(ChromeDriver.java:168)
at org.openqa.selenium.chrome.ChromeDriver.<init>(ChromeDriver.java:157)
at maven.lockownmavenproject22.BaseTest.LounchBrowser(BaseTest.java:82)
at maven.lockownmavenproject22.RadioButton1.beforeMethod(RadioButton1.java:22)
at java.util.ArrayList.forEach(ArrayList.java:1257)
at java.util.concurrent.FutureTask.run(FutureTask.java:266)
at java.util.concurrent.ThreadPoolExecutor.runWorker(ThreadPoolExecutor.java:1149)
at java.util.concurrent.ThreadPoolExecutor$Worker.run(ThreadPoolExecutor.java:624)
at java.lang.Thread.run(Thread.java:748)
... Removed 26 stack frames]]>
    </failure>
  </testcase> <!-- @BeforeMethod beforeMethod -->
  <testcase name="@AfterMethod afterMethod" time="-1.609399691803E9" classname="maven.lockownmavenproject22.RadioButton1">
    <skipped/>
  </testcase> <!-- @AfterMethod afterMethod -->
  <testcase name="@BeforeMethod setup" time="1.935" classname="maven.lockownmavenproject22.LinksTesting1">
    <failure type="org.openqa.selenium.InvalidArgumentException" message="invalid argument: user data directory is already in use, please specify a unique value for --user-data-dir argument, or don&amp;apos;t use --user-data-dir
Build info: version: &amp;apos;3.11.0&amp;apos;, revision: &amp;apos;e59cfb3&amp;apos;, time: &amp;apos;2018-03-11T20:26:55.152Z&amp;apos;
System info: host: &amp;apos;PC&amp;apos;, ip: &amp;apos;192.168.1.2&amp;apos;, os.name: &amp;apos;Windows 8.1&amp;apos;, os.arch: &amp;apos;amd64&amp;apos;, os.version: &amp;apos;6.3&amp;apos;, java.version: &amp;apos;1.8.0_241&amp;apos;
Driver info: driver.version: ChromeDriver
remote stacktrace: Backtrace:
	Ordinal0 [0x0066C013+3194899]
	Ordinal0 [0x00556021+2056225]
	Ordinal0 [0x003EF608+587272]
	Ordinal0 [0x0036F28A+62090]
	Ordinal0 [0x0036C64A+50762]
	Ordinal0 [0x00391EE9+204521]
	Ordinal0 [0x00391D0D+204045]
	Ordinal0 [0x0038FC1B+195611]
	Ordinal0 [0x00373B7F+80767]
	Ordinal0 [0x00374B4E+84814]
	Ordinal0 [0x00374AD9+84697]
	Ordinal0 [0x0056CE64+2149988]
	GetHandleVerifier [0x007DBE95+1400773]
	GetHandleVerifier [0x007DBB61+1399953]
	GetHandleVerifier [0x007E31FA+1430314]
	GetHandleVerifier [0x007DC69F+1402831]
	Ordinal0 [0x00563D61+2112865]
	Ordinal0 [0x0056E5CB+2155979]
	Ordinal0 [0x0056E6F5+2156277]
	Ordinal0 [0x0057F26E+2224750]
	BaseThreadInitThunk [0x75D86A14+36]
	RtlInitializeExceptionChain [0x77EBAB4F+143]
	RtlInitializeExceptionChain [0x77EBAB1A+90]
">
      <![CDATA[org.openqa.selenium.InvalidArgumentException: invalid argument: user data directory is already in use, please specify a unique value for --user-data-dir argument, or don't use --user-data-dir
Build info: version: '3.11.0', revision: 'e59cfb3', time: '2018-03-11T20:26:55.152Z'
System info: host: 'PC', ip: '192.168.1.2', os.name: 'Windows 8.1', os.arch: 'amd64', os.version: '6.3', java.version: '1.8.0_241'
Driver info: driver.version: ChromeDriver
remote stacktrace: Backtrace:
Ordinal0 [0x0066C013+3194899]
Ordinal0 [0x00556021+2056225]
Ordinal0 [0x003EF608+587272]
Ordinal0 [0x0036F28A+62090]
Ordinal0 [0x0036C64A+50762]
Ordinal0 [0x00391EE9+204521]
Ordinal0 [0x00391D0D+204045]
Ordinal0 [0x0038FC1B+195611]
Ordinal0 [0x00373B7F+80767]
Ordinal0 [0x00374B4E+84814]
Ordinal0 [0x00374AD9+84697]
Ordinal0 [0x0056CE64+2149988]
GetHandleVerifier [0x007DBE95+1400773]
GetHandleVerifier [0x007DBB61+1399953]
GetHandleVerifier [0x007E31FA+1430314]
GetHandleVerifier [0x007DC69F+1402831]
Ordinal0 [0x00563D61+2112865]
Ordinal0 [0x0056E5CB+2155979]
Ordinal0 [0x0056E6F5+2156277]
Ordinal0 [0x0057F26E+2224750]
BaseThreadInitThunk [0x75D86A14+36]
RtlInitializeExceptionChain [0x77EBAB4F+143]
RtlInitializeExceptionChain [0x77EBAB1A+90]

at org.openqa.selenium.remote.W3CHandshakeResponse.lambda$new$0(W3CHandshakeResponse.java:57)
at org.openqa.selenium.remote.W3CHandshakeResponse.lambda$getResponseFunction$2(W3CHandshakeResponse.java:104)
at org.openqa.selenium.remote.ProtocolHandshake.lambda$createSession$0(ProtocolHandshake.java:123)
at java.util.stream.ReferencePipeline$3$1.accept(ReferencePipeline.java:193)
at java.util.Spliterators$ArraySpliterator.tryAdvance(Spliterators.java:958)
at java.util.stream.ReferencePipeline.forEachWithCancel(ReferencePipeline.java:126)
at java.util.stream.AbstractPipeline.copyIntoWithCancel(AbstractPipeline.java:499)
at java.util.stream.AbstractPipeline.copyInto(AbstractPipeline.java:486)
at java.util.stream.AbstractPipeline.wrapAndCopyInto(AbstractPipeline.java:472)
at java.util.stream.FindOps$FindOp.evaluateSequential(FindOps.java:152)
at java.util.stream.AbstractPipeline.evaluate(AbstractPipeline.java:234)
at java.util.stream.ReferencePipeline.findFirst(ReferencePipeline.java:464)
at org.openqa.selenium.remote.ProtocolHandshake.createSession(ProtocolHandshake.java:126)
at org.openqa.selenium.remote.ProtocolHandshake.createSession(ProtocolHandshake.java:73)
at org.openqa.selenium.remote.HttpCommandExecutor.execute(HttpCommandExecutor.java:136)
at org.openqa.selenium.remote.service.DriverCommandExecutor.execute(DriverCommandExecutor.java:83)
at org.openqa.selenium.remote.RemoteWebDriver.execute(RemoteWebDriver.java:545)
at org.openqa.selenium.remote.RemoteWebDriver.startSession(RemoteWebDriver.java:209)
at org.openqa.selenium.remote.RemoteWebDriver.<init>(RemoteWebDriver.java:132)
at org.openqa.selenium.chrome.ChromeDriver.<init>(ChromeDriver.java:181)
at org.openqa.selenium.chrome.ChromeDriver.<init>(ChromeDriver.java:168)
at org.openqa.selenium.chrome.ChromeDriver.<init>(ChromeDriver.java:157)
at maven.lockownmavenproject22.BaseTest.LounchBrowser(BaseTest.java:82)
at maven.lockownmavenproject22.LinksTesting1.setup(LinksTesting1.java:21)
at java.util.ArrayList.forEach(ArrayList.java:1257)
at java.util.concurrent.FutureTask.run(FutureTask.java:266)
at java.util.concurrent.ThreadPoolExecutor.runWorker(ThreadPoolExecutor.java:1149)
at java.util.concurrent.ThreadPoolExecutor$Worker.run(ThreadPoolExecutor.java:624)
at java.lang.Thread.run(Thread.java:748)
... Removed 26 stack frames]]>
    </failure>
  </testcase> <!-- @BeforeMethod setup -->
  <testcase name="@AfterMethod tearDown" time="-1.609399693747E9" classname="maven.lockownmavenproject22.LinksTesting1">
    <skipped/>
  </testcase> <!-- @AfterMethod tearDown -->
  <testcase name="@BeforeMethod beforeMethod" time="1.544" classname="maven.lockownmavenproject22.CheckBox1">
    <failure type="org.openqa.selenium.InvalidArgumentException" message="invalid argument: user data directory is already in use, please specify a unique value for --user-data-dir argument, or don&amp;apos;t use --user-data-dir
Build info: version: &amp;apos;3.11.0&amp;apos;, revision: &amp;apos;e59cfb3&amp;apos;, time: &amp;apos;2018-03-11T20:26:55.152Z&amp;apos;
System info: host: &amp;apos;PC&amp;apos;, ip: &amp;apos;192.168.1.2&amp;apos;, os.name: &amp;apos;Windows 8.1&amp;apos;, os.arch: &amp;apos;amd64&amp;apos;, os.version: &amp;apos;6.3&amp;apos;, java.version: &amp;apos;1.8.0_241&amp;apos;
Driver info: driver.version: ChromeDriver
remote stacktrace: Backtrace:
	Ordinal0 [0x0066C013+3194899]
	Ordinal0 [0x00556021+2056225]
	Ordinal0 [0x003EF608+587272]
	Ordinal0 [0x0036F28A+62090]
	Ordinal0 [0x0036C64A+50762]
	Ordinal0 [0x00391EE9+204521]
	Ordinal0 [0x00391D0D+204045]
	Ordinal0 [0x0038FC1B+195611]
	Ordinal0 [0x00373B7F+80767]
	Ordinal0 [0x00374B4E+84814]
	Ordinal0 [0x00374AD9+84697]
	Ordinal0 [0x0056CE64+2149988]
	GetHandleVerifier [0x007DBE95+1400773]
	GetHandleVerifier [0x007DBB61+1399953]
	GetHandleVerifier [0x007E31FA+1430314]
	GetHandleVerifier [0x007DC69F+1402831]
	Ordinal0 [0x00563D61+2112865]
	Ordinal0 [0x0056E5CB+2155979]
	Ordinal0 [0x0056E6F5+2156277]
	Ordinal0 [0x0057F26E+2224750]
	BaseThreadInitThunk [0x75D86A14+36]
	RtlInitializeExceptionChain [0x77EBAB4F+143]
	RtlInitializeExceptionChain [0x77EBAB1A+90]
">
      <![CDATA[org.openqa.selenium.InvalidArgumentException: invalid argument: user data directory is already in use, please specify a unique value for --user-data-dir argument, or don't use --user-data-dir
Build info: version: '3.11.0', revision: 'e59cfb3', time: '2018-03-11T20:26:55.152Z'
System info: host: 'PC', ip: '192.168.1.2', os.name: 'Windows 8.1', os.arch: 'amd64', os.version: '6.3', java.version: '1.8.0_241'
Driver info: driver.version: ChromeDriver
remote stacktrace: Backtrace:
Ordinal0 [0x0066C013+3194899]
Ordinal0 [0x00556021+2056225]
Ordinal0 [0x003EF608+587272]
Ordinal0 [0x0036F28A+62090]
Ordinal0 [0x0036C64A+50762]
Ordinal0 [0x00391EE9+204521]
Ordinal0 [0x00391D0D+204045]
Ordinal0 [0x0038FC1B+195611]
Ordinal0 [0x00373B7F+80767]
Ordinal0 [0x00374B4E+84814]
Ordinal0 [0x00374AD9+84697]
Ordinal0 [0x0056CE64+2149988]
GetHandleVerifier [0x007DBE95+1400773]
GetHandleVerifier [0x007DBB61+1399953]
GetHandleVerifier [0x007E31FA+1430314]
GetHandleVerifier [0x007DC69F+1402831]
Ordinal0 [0x00563D61+2112865]
Ordinal0 [0x0056E5CB+2155979]
Ordinal0 [0x0056E6F5+2156277]
Ordinal0 [0x0057F26E+2224750]
BaseThreadInitThunk [0x75D86A14+36]
RtlInitializeExceptionChain [0x77EBAB4F+143]
RtlInitializeExceptionChain [0x77EBAB1A+90]

at org.openqa.selenium.remote.W3CHandshakeResponse.lambda$new$0(W3CHandshakeResponse.java:57)
at org.openqa.selenium.remote.W3CHandshakeResponse.lambda$getResponseFunction$2(W3CHandshakeResponse.java:104)
at org.openqa.selenium.remote.ProtocolHandshake.lambda$createSession$0(ProtocolHandshake.java:123)
at java.util.stream.ReferencePipeline$3$1.accept(ReferencePipeline.java:193)
at java.util.Spliterators$ArraySpliterator.tryAdvance(Spliterators.java:958)
at java.util.stream.ReferencePipeline.forEachWithCancel(ReferencePipeline.java:126)
at java.util.stream.AbstractPipeline.copyIntoWithCancel(AbstractPipeline.java:499)
at java.util.stream.AbstractPipeline.copyInto(AbstractPipeline.java:486)
at java.util.stream.AbstractPipeline.wrapAndCopyInto(AbstractPipeline.java:472)
at java.util.stream.FindOps$FindOp.evaluateSequential(FindOps.java:152)
at java.util.stream.AbstractPipeline.evaluate(AbstractPipeline.java:234)
at java.util.stream.ReferencePipeline.findFirst(ReferencePipeline.java:464)
at org.openqa.selenium.remote.ProtocolHandshake.createSession(ProtocolHandshake.java:126)
at org.openqa.selenium.remote.ProtocolHandshake.createSession(ProtocolHandshake.java:73)
at org.openqa.selenium.remote.HttpCommandExecutor.execute(HttpCommandExecutor.java:136)
at org.openqa.selenium.remote.service.DriverCommandExecutor.execute(DriverCommandExecutor.java:83)
at org.openqa.selenium.remote.RemoteWebDriver.execute(RemoteWebDriver.java:545)
at org.openqa.selenium.remote.RemoteWebDriver.startSession(RemoteWebDriver.java:209)
at org.openqa.selenium.remote.RemoteWebDriver.<init>(RemoteWebDriver.java:132)
at org.openqa.selenium.chrome.ChromeDriver.<init>(ChromeDriver.java:181)
at org.openqa.selenium.chrome.ChromeDriver.<init>(ChromeDriver.java:168)
at org.openqa.selenium.chrome.ChromeDriver.<init>(ChromeDriver.java:157)
at maven.lockownmavenproject22.BaseTest.LounchBrowser(BaseTest.java:82)
at maven.lockownmavenproject22.CheckBox1.beforeMethod(CheckBox1.java:22)
at java.util.ArrayList.forEach(ArrayList.java:1257)
at java.util.concurrent.FutureTask.run(FutureTask.java:266)
at java.util.concurrent.ThreadPoolExecutor.runWorker(ThreadPoolExecutor.java:1149)
at java.util.concurrent.ThreadPoolExecutor$Worker.run(ThreadPoolExecutor.java:624)
at java.lang.Thread.run(Thread.java:748)
... Removed 26 stack frames]]>
    </failure>
  </testcase> <!-- @BeforeMethod beforeMethod -->
  <testcase name="@AfterMethod afterMethod" time="-1.609399695303E9" classname="maven.lockownmavenproject22.CheckBox1">
    <skipped/>
  </testcase> <!-- @AfterMethod afterMethod -->
  <testcase name="f" time="0.0" classname="maven.lockownmavenproject22.FTC_03">
    <skipped/>
  </testcase> <!-- f -->
  <testcase name="radioButton1" time="0.0" classname="maven.lockownmavenproject22.RadioButton1">
    <skipped/>
  </testcase> <!-- radioButton1 -->
  <testcase name="linktesting1" time="0.0" classname="maven.lockownmavenproject22.LinksTesting1">
    <skipped/>
  </testcase> <!-- linktesting1 -->
  <testcase name="checkboxTest" time="0.0" classname="maven.lockownmavenproject22.CheckBox1">
    <skipped/>
  </testcase> <!-- checkboxTest -->
</testsuite> <!-- chromeTest -->
