<?xml version="1.0" encoding="UTF-8"?>
<!-- Generated by org.testng.reporters.JUnitXMLReporter -->
<testsuite hostname="PC" ignored="0" name="Command line test" tests="7" failures="4" timestamp="15 Feb 2021 10:21:44 GMT" time="0.11" errors="0">
  <testcase name="afterTestTest" time="0.01" classname="maven.lockownmavenproject33.FTC_03Test">
    <failure type="java.lang.RuntimeException" message="Test not implemented">
      <![CDATA[java.lang.RuntimeException: Test not implemented
at maven.lockownmavenproject33.FTC_03Test.afterTestTest(FTC_03Test.java:9)
... Removed 35 stack frames]]>
    </failure>
  </testcase> <!-- afterTestTest -->
  <testcase name="beforeTestTest" time="0.0" classname="maven.lockownmavenproject33.FTC_03Test">
    <failure type="java.lang.RuntimeException" message="Test not implemented">
      <![CDATA[java.lang.RuntimeException: Test not implemented
at maven.lockownmavenproject33.FTC_03Test.beforeTestTest(FTC_03Test.java:14)
... Removed 35 stack frames]]>
    </failure>
  </testcase> <!-- beforeTestTest -->
  <testcase name="fTest" time="0.0" classname="maven.lockownmavenproject33.FTC_03Test">
    <failure type="java.lang.RuntimeException" message="Test not implemented">
      <![CDATA[java.lang.RuntimeException: Test not implemented
at maven.lockownmavenproject33.FTC_03Test.fTest(FTC_03Test.java:19)
... Removed 35 stack frames]]>
    </failure>
  </testcase> <!-- fTest -->
  <testcase name="orange" time="0.0" classname="maven.lockownmavenproject33.TestDependency"/>
  <testcase name="white" time="0.0" classname="maven.lockownmavenproject33.TestDependency"/>
  <testcase name="blue" time="0.003" classname="maven.lockownmavenproject33.TestDependency">
    <failure type="java.lang.AssertionError" message="test failed">
      <![CDATA[java.lang.AssertionError: test failed
at maven.lockownmavenproject33.TestDependency.blue(TestDependency.java:26)
... Removed 36 stack frames]]>
    </failure>
  </testcase> <!-- blue -->
  <testcase name="green" time="0.0" classname="maven.lockownmavenproject33.TestDependency">
    <skipped/>
  </testcase> <!-- green -->
</testsuite> <!-- Command line test -->
