<!DOCTYPE html PUBLIC "-//W3C//DTD XHTML 1.1//EN" "http://www.w3.org/TR/xhtml11/DTD/xhtml11.dtd">
<html xmlns="http://www.w3.org/1999/xhtml">
<head>
<meta http-equiv="content-type" content="text/html; charset=UTF-8"/>
<title>TestNG Report</title>
<style type="text/css">table {margin-bottom:10px;border-collapse:collapse;empty-cells:show}th,td {border:1px solid #009;padding:.25em .5em}th {vertical-align:bottom}td {vertical-align:top}table a {font-weight:bold}.stripe td {background-color: #E6EBF9}.num {text-align:right}.passedodd td {background-color: #3F3}.passedeven td {background-color: #0A0}.skippedodd td {background-color: #DDD}.skippedeven td {background-color: #CCC}.failedodd td,.attn {background-color: #F33}.failedeven td,.stripe .attn {background-color: #D00}.stacktrace {white-space:pre;font-family:monospace}.totop {font-size:85%;text-align:center;border-bottom:2px solid #000}.invisible {display:none}</style>
</head>
<body>
<table>
<tr><th>Test</th><th># Passed</th><th># Skipped</th><th># Failed</th><th>Time (ms)</th><th>Included Groups</th><th>Excluded Groups</th></tr>
<tr><th colspan="7">Command line suite</th></tr>
<tr><td><a href="#t0">Command line test</a></td><td class="num">2</td><td class="num attn">1</td><td class="num attn">4</td><td class="num">110</td><td></td><td></td></tr>
</table>
<table id='summary'><thead><tr><th>Class</th><th>Method</th><th>Start</th><th>Time (ms)</th></tr></thead><tbody><tr><th colspan="4">Command line suite</th></tr></tbody><tbody id="t0"><tr><th colspan="4">Command line test &#8212; failed</th></tr><tr class="failedeven"><td rowspan="3">maven.lockownmavenproject33.FTC_03Test</td><td><a href="#m0">afterTestTest</a></td><td rowspan="1">1613384504356</td><td rowspan="1">10</td></tr><tr class="failedeven"><td><a href="#m1">beforeTestTest</a></td><td rowspan="1">1613384504370</td><td rowspan="1">0</td></tr><tr class="failedeven"><td><a href="#m2">fTest</a></td><td rowspan="1">1613384504372</td><td rowspan="1">0</td></tr><tr class="failedodd"><td rowspan="1">maven.lockownmavenproject33.TestDependency</td><td><a href="#m3">blue</a></td><td rowspan="1">1613384504381</td><td rowspan="1">3</td></tr><tr><th colspan="4">Command line test &#8212; skipped</th></tr><tr class="skippedeven"><td rowspan="1">maven.lockownmavenproject33.TestDependency</td><td><a href="#m4">green</a></td><td rowspan="1">1613384504386</td><td rowspan="1">0</td></tr><tr><th colspan="4">Command line test &#8212; passed</th></tr><tr class="passedeven"><td rowspan="2">maven.lockownmavenproject33.TestDependency</td><td><a href="#m5">orange</a></td><td rowspan="1">1613384504376</td><td rowspan="1">0</td></tr><tr class="passedeven"><td><a href="#m6">white</a></td><td rowspan="1">1613384504379</td><td rowspan="1">0</td></tr></tbody>
</table>
<h2>Command line test</h2><h3 id="m0">maven.lockownmavenproject33.FTC_03Test#afterTestTest</h3><table class="result"><tr><th>Exception</th></tr><tr><td><div class="stacktrace">java.lang.RuntimeException: Test not implemented
	at maven.lockownmavenproject33.FTC_03Test.afterTestTest(FTC_03Test.java:9)
... Removed 35 stack frames</div></td></tr></table><p class="totop"><a href="#summary">back to summary</a></p>
<h3 id="m1">maven.lockownmavenproject33.FTC_03Test#beforeTestTest</h3><table class="result"><tr><th>Exception</th></tr><tr><td><div class="stacktrace">java.lang.RuntimeException: Test not implemented
	at maven.lockownmavenproject33.FTC_03Test.beforeTestTest(FTC_03Test.java:14)
... Removed 35 stack frames</div></td></tr></table><p class="totop"><a href="#summary">back to summary</a></p>
<h3 id="m2">maven.lockownmavenproject33.FTC_03Test#fTest</h3><table class="result"><tr><th>Exception</th></tr><tr><td><div class="stacktrace">java.lang.RuntimeException: Test not implemented
	at maven.lockownmavenproject33.FTC_03Test.fTest(FTC_03Test.java:19)
... Removed 35 stack frames</div></td></tr></table><p class="totop"><a href="#summary">back to summary</a></p>
<h3 id="m3">maven.lockownmavenproject33.TestDependency#blue</h3><table class="result"><tr><th>Exception</th></tr><tr><td><div class="stacktrace">java.lang.AssertionError: test failed
	at maven.lockownmavenproject33.TestDependency.blue(TestDependency.java:26)
... Removed 36 stack frames</div></td></tr></table><p class="totop"><a href="#summary">back to summary</a></p>
<h3 id="m4">maven.lockownmavenproject33.TestDependency#green</h3><table class="result"><tr><th>Exception</th></tr><tr><td><div class="stacktrace">java.lang.Throwable: Method TestDependency.green()[pri:4, instance:maven.lockownmavenproject33.TestDependency@1324409e] depends on not successfully finished methods
... Removed 28 stack frames</div></td></tr></table><p class="totop"><a href="#summary">back to summary</a></p>
<h3 id="m5">maven.lockownmavenproject33.TestDependency#orange</h3><table class="result"><tr><th class="invisible"/></tr></table><p class="totop"><a href="#summary">back to summary</a></p>
<h3 id="m6">maven.lockownmavenproject33.TestDependency#white</h3><table class="result"><tr><th class="invisible"/></tr></table><p class="totop"><a href="#summary">back to summary</a></p>
</body>
</html>
